236477948094101
204947795059315
75656756587524
34014096564840
178407503151680
43999017128268
233770185436277
73414570286191
8012499549301
190588062431333
41859660396189
175103237167502
74540952411877
162906638277406
8682141535060
31423500749988
81603628199395
120320429654950
103954541770611
68303812428228
78974227606531
120734540417632
76866281949312
66717699181139
128626177770860
197459743694520
170671831979376
201086929536157
51549103168266
167681126943536
147972799515170
170781533171844
224470251727305
51472148967253
164622951586536
81516133162048
22985565286644
132658162794420
105063114592681
52653413128795
21568747180742
118016714371215
34551189832847
149457934946024
93550477452727
211272135458356
235116882729267
110774287679022
111486002698266
95950283209685
53904930107303
189539734397126
198113059897820
221457341380555
18150157908676
200193823666406
48626961122708
128961184306828
204127639281428
246847716348824
139176841707969
86979209231869
188630816651753
55187185185595
126638820517748
35974608412244
123645238190775
216909277835581
134410013194214
33665277405225
204311366493542
208673008913854
51287061869518
188749436483747
1117179422315
125529741424274
111364499648327
133116280381831
25937135474534
59371961564380
206940316961095
77481839976758
232113623591348
199084820421827
224159143984888
219903468330811
51299848978975
150010515270867
83745962329976
212201416784596
248350545797022
71698418203184
8089627021556
234375163525783
24736859336275
64267358272556
144263020594677
172669092244029
2763984937402
155987837859600
