190943288268282
180509434138352
242185342078300
188305389493056
158282386349420
12382551824336
147569518663094
170421287540218
161580694209000
172202741302949
218508939284035
86790992199300
61914183011891
148706846340162
222228910135640
151284857631219
169390813726600
152662441939480
155826556028985
31052162874663
167661009973950
76725561568222
216422935412464
143131130133638
80172528351867
103043390618586
82654161623748
198441853220194
106668967041405
50448326770418
100818837805290
220774923455243
137389091364885
191812090042765
56186799498050
194025585123035
17150051692841
81562101821836
98251252900557
49612745004904
95425299283864
148466354144130
74627448278416
101217153004968
152444568110915
60457488863594
123198700312246
236891441316345
145960943926232
207961110583245
183851704427927
140419886085226
110744151145694
198511277062164
71561815420849
76580892074991
186790504138315
3120211508081
120025646836304
144277781729906
180469352105680
181083619121475
231298379787860
110503658949662
189696252696747
117407789077414
96382875422689
186601903104496
105043228189578
48201396345423
222153961092290
105678946704405
127505810848465
232140102473972
71488547128803
30695466906270
67824675290046
179119088630042
192105667215770
205305691387604
82802255705869
5123337802942
81333959672614
12202339871288
192671505739845
65765362355222
190550676009723
83530822650012
38316940936848
150617597516160
179502373067468
74121698918696
162417183372061
56599833045078
132610046132827
211026807279942
131210875403543
49875804705764
121290735992514
86803483706525
